# JRE version: Java(TM) SE Runtime Environment (8.0_241-b07) (build 1.8.0_241-b07)
# Java VM: Java HotSpot(TM) 64-Bit Server VM (25.241-b07 mixed mode bsd-amd64 compressed oops)
Heap:
 PSYoungGen      total 46080K, used 33191K [0x0000000795580000, 0x0000000799480000, 0x00000007c0000000)
  eden space 28672K, 69% used [0x0000000795580000,0x00000007968f9af0,0x0000000797180000)
  from space 17408K, 76% used [0x0000000798300000,0x0000000798ff0350,0x0000000799400000)
  to   space 17920K, 0% used [0x0000000797180000,0x0000000797180000,0x0000000798300000)
 ParOldGen       total 60416K, used 18213K [0x0000000740000000, 0x0000000743b00000, 0x0000000795580000)
  object space 60416K, 30% used [0x0000000740000000,0x00000007411c95f0,0x0000000743b00000)
 Metaspace       used 25913K, capacity 26343K, committed 26880K, reserved 1073152K
  class space    used 2554K, capacity 2690K, committed 2816K, reserved 1048576K
GC Heap History (10 events):
Event: 21.566 GC heap before
{Heap before GC invocations=9 (full 1):
 PSYoungGen      total 37376K, used 37040K [0x0000000795580000, 0x0000000798e80000, 0x00000007c0000000)
  eden space 31744K, 100% used [0x0000000795580000,0x0000000797480000,0x0000000797480000)
  from space 5632K, 94% used [0x0000000797500000,0x0000000797a2c160,0x0000000797a80000)
  to   space 13312K, 0% used [0x0000000798180000,0x0000000798180000,0x0000000798e80000)
 ParOldGen       total 60416K, used 18189K [0x0000000740000000, 0x0000000743b00000, 0x0000000795580000)
  object space 60416K, 30% used [0x0000000740000000,0x00000007411c35f0,0x0000000743b00000)
 Metaspace       used 25795K, capacity 26179K, committed 26496K, reserved 1073152K
  class space    used 2540K, capacity 2656K, committed 2688K, reserved 1048576K
Event: 21.570 GC heap after
Heap after GC invocations=9 (full 1):
 PSYoungGen      total 44032K, used 9344K [0x0000000795580000, 0x0000000798e00000, 0x00000007c0000000)
  eden space 31232K, 0% used [0x0000000795580000,0x0000000795580000,0x0000000797400000)
  from space 12800K, 73% used [0x0000000798180000,0x0000000798aa0280,0x0000000798e00000)
  to   space 13312K, 0% used [0x0000000797400000,0x0000000797400000,0x0000000798100000)
 ParOldGen       total 60416K, used 18197K [0x0000000740000000, 0x0000000743b00000, 0x0000000795580000)
  object space 60416K, 30% used [0x0000000740000000,0x00000007411c55f0,0x0000000743b00000)
 Metaspace       used 25795K, capacity 26179K, committed 26496K, reserved 1073152K
  class space    used 2540K, capacity 2656K, committed 2688K, reserved 1048576K
}
Event: 22.432 GC heap before
{Heap before GC invocations=10 (full 1):
 PSYoungGen      total 44032K, used 40576K [0x0000000795580000, 0x0000000798e00000, 0x00000007c0000000)
  eden space 31232K, 100% used [0x0000000795580000,0x0000000797400000,0x0000000797400000)
  from space 12800K, 73% used [0x0000000798180000,0x0000000798aa0280,0x0000000798e00000)
  to   space 13312K, 0% used [0x0000000797400000,0x0000000797400000,0x0000000798100000)
 ParOldGen       total 60416K, used 18197K [0x0000000740000000, 0x0000000743b00000, 0x0000000795580000)
  object space 60416K, 30% used [0x0000000740000000,0x00000007411c55f0,0x0000000743b00000)
 Metaspace       used 25824K, capacity 26243K, committed 26496K, reserved 1073152K
  class space    used 2540K, capacity 2656K, committed 2688K, reserved 1048576K
Event: 22.435 GC heap after
Heap after GC invocations=10 (full 1):
 PSYoungGen      total 44032K, used 13184K [0x0000000795580000, 0x0000000799180000, 0x00000007c0000000)
  eden space 30720K, 0% used [0x0000000795580000,0x0000000795580000,0x0000000797380000)
  from space 13312K, 99% used [0x0000000797400000,0x00000007980e0350,0x0000000798100000)
  to   space 15360K, 0% used [0x0000000798280000,0x0000000798280000,0x0000000799180000)
 ParOldGen       total 60416K, used 18205K [0x0000000740000000, 0x0000000743b00000, 0x0000000795580000)
  object space 60416K, 30% used [0x0000000740000000,0x00000007411c75f0,0x0000000743b00000)
 Metaspace       used 25824K, capacity 26243K, committed 26496K, reserved 1073152K
  class space    used 2540K, capacity 2656K, committed 2688K, reserved 1048576K
}
Event: 25.037 GC heap before
{Heap before GC invocations=11 (full 1):
 PSYoungGen      total 44032K, used 43904K [0x0000000795580000, 0x0000000799180000, 0x00000007c0000000)
  eden space 30720K, 100% used [0x0000000795580000,0x0000000797380000,0x0000000797380000)
  from space 13312K, 99% used [0x0000000797400000,0x00000007980e0350,0x0000000798100000)
  to   space 15360K, 0% used [0x0000000798280000,0x0000000798280000,0x0000000799180000)
 ParOldGen       total 60416K, used 18205K [0x0000000740000000, 0x0000000743b00000, 0x0000000795580000)
  object space 60416K, 30% used [0x0000000740000000,0x00000007411c75f0,0x0000000743b00000)
 Metaspace       used 25828K, capacity 26243K, committed 26496K, reserved 1073152K
  class space    used 2540K, capacity 2656K, committed 2688K, reserved 1048576K
Event: 25.042 GC heap after
Heap after GC invocations=11 (full 1):
 PSYoungGen      total 45056K, used 13200K [0x0000000795580000, 0x0000000799300000, 0x00000007c0000000)
  eden space 29696K, 0% used [0x0000000795580000,0x0000000795580000,0x0000000797280000)
  from space 15360K, 85% used [0x0000000798280000,0x0000000798f64360,0x0000000799180000)
  to   space 16384K, 0% used [0x0000000797280000,0x0000000797280000,0x0000000798280000)
 ParOldGen       total 60416K, used 18205K [0x0000000740000000, 0x0000000743b00000, 0x0000000795580000)
  object space 60416K, 30% used [0x0000000740000000,0x00000007411c75f0,0x0000000743b00000)
 Metaspace       used 25828K, capacity 26243K, committed 26496K, reserved 1073152K
  class space    used 2540K, capacity 2656K, committed 2688K, reserved 1048576K
}
Event: 27.254 GC heap before
{Heap before GC invocations=12 (full 1):
 PSYoungGen      total 45056K, used 42896K [0x0000000795580000, 0x0000000799300000, 0x00000007c0000000)
  eden space 29696K, 100% used [0x0000000795580000,0x0000000797280000,0x0000000797280000)
  from space 15360K, 85% used [0x0000000798280000,0x0000000798f64360,0x0000000799180000)
  to   space 16384K, 0% used [0x0000000797280000,0x0000000797280000,0x0000000798280000)
 ParOldGen       total 60416K, used 18205K [0x0000000740000000, 0x0000000743b00000, 0x0000000795580000)
  object space 60416K, 30% used [0x0000000740000000,0x00000007411c75f0,0x0000000743b00000)
 Metaspace       used 25844K, capacity 26243K, committed 26496K, reserved 1073152K
  class space    used 2540K, capacity 2656K, committed 2688K, reserved 1048576K
Event: 27.260 GC heap after
Heap after GC invocations=12 (full 1):
 PSYoungGen      total 45568K, used 13168K [0x0000000795580000, 0x0000000799400000, 0x00000007c0000000)
  eden space 29184K, 0% used [0x0000000795580000,0x0000000795580000,0x0000000797200000)
  from space 16384K, 80% used [0x0000000797280000,0x0000000797f5c380,0x0000000798280000)
  to   space 17408K, 0% used [0x0000000798300000,0x0000000798300000,0x0000000799400000)
 ParOldGen       total 60416K, used 18205K [0x0000000740000000, 0x0000000743b00000, 0x0000000795580000)
  object space 60416K, 30% used [0x0000000740000000,0x00000007411c75f0,0x0000000743b00000)
 Metaspace       used 25844K, capacity 26243K, committed 26496K, reserved 1073152K
  class space    used 2540K, capacity 2656K, committed 2688K, reserved 1048576K
}
Event: 29.790 GC heap before
{Heap before GC invocations=13 (full 1):
 PSYoungGen      total 45568K, used 42352K [0x0000000795580000, 0x0000000799400000, 0x00000007c0000000)
  eden space 29184K, 100% used [0x0000000795580000,0x0000000797200000,0x0000000797200000)
  from space 16384K, 80% used [0x0000000797280000,0x0000000797f5c380,0x0000000798280000)
  to   space 17408K, 0% used [0x0000000798300000,0x0000000798300000,0x0000000799400000)
 ParOldGen       total 60416K, used 18205K [0x0000000740000000, 0x0000000743b00000, 0x0000000795580000)
  object space 60416K, 30% used [0x0000000740000000,0x00000007411c75f0,0x0000000743b00000)
 Metaspace       used 25845K, capacity 26243K, committed 26496K, reserved 1073152K
  class space    used 2540K, capacity 2656K, committed 2688K, reserved 1048576K
Event: 29.794 GC heap after
Heap after GC invocations=13 (full 1):
 PSYoungGen      total 46080K, used 13248K [0x0000000795580000, 0x0000000799480000, 0x00000007c0000000)
  eden space 28672K, 0% used [0x0000000795580000,0x0000000795580000,0x0000000797180000)
  from space 17408K, 76% used [0x0000000798300000,0x0000000798ff0350,0x0000000799400000)
  to   space 17920K, 0% used [0x0000000797180000,0x0000000797180000,0x0000000798300000)
 ParOldGen       total 60416K, used 18213K [0x0000000740000000, 0x0000000743b00000, 0x0000000795580000)
  object space 60416K, 30% used [0x0000000740000000,0x00000007411c95f0,0x0000000743b00000)
 Metaspace       used 25845K, capacity 26243K, committed 26496K, reserved 1073152K
  class space    used 2540K, capacity 2656K, committed 2688K, reserved 1048576K
}

