# JRE version: Java(TM) SE Runtime Environment (8.0_241-b07) (build 1.8.0_241-b07)
# Java VM: Java HotSpot(TM) 64-Bit Server VM (25.241-b07 mixed mode bsd-amd64 compressed oops)
Heap:
 PSYoungGen      total 25088K, used 11986K [0x0000000795580000, 0x0000000796f00000, 0x00000007c0000000)
  eden space 24064K, 49% used [0x0000000795580000,0x000000079611ca50,0x0000000796d00000)
  from space 1024K, 9% used [0x0000000796d00000,0x0000000796d18000,0x0000000796e00000)
  to   space 1024K, 0% used [0x0000000796e00000,0x0000000796e00000,0x0000000796f00000)
 ParOldGen       total 87552K, used 16041K [0x0000000740000000, 0x0000000745580000, 0x0000000795580000)
  object space 87552K, 18% used [0x0000000740000000,0x0000000740faa4b8,0x0000000745580000)
 Metaspace       used 19780K, capacity 20253K, committed 20608K, reserved 1067008K
  class space    used 1938K, capacity 2064K, committed 2176K, reserved 1048576K
GC Heap History (10 events):
Event: 476.400 GC heap before
{Heap before GC invocations=55 (full 0):
 PSYoungGen      total 25088K, used 24160K [0x0000000795580000, 0x0000000796f00000, 0x00000007c0000000)
  eden space 24064K, 100% used [0x0000000795580000,0x0000000796d00000,0x0000000796d00000)
  from space 1024K, 9% used [0x0000000796e00000,0x0000000796e18000,0x0000000796f00000)
  to   space 1024K, 0% used [0x0000000796d00000,0x0000000796d00000,0x0000000796e00000)
 ParOldGen       total 87552K, used 16041K [0x0000000740000000, 0x0000000745580000, 0x0000000795580000)
  object space 87552K, 18% used [0x0000000740000000,0x0000000740faa4b8,0x0000000745580000)
 Metaspace       used 19713K, capacity 20089K, committed 20480K, reserved 1067008K
  class space    used 1925K, capacity 2030K, committed 2048K, reserved 1048576K
Event: 476.401 GC heap after
Heap after GC invocations=55 (full 0):
 PSYoungGen      total 25088K, used 96K [0x0000000795580000, 0x0000000796f00000, 0x00000007c0000000)
  eden space 24064K, 0% used [0x0000000795580000,0x0000000795580000,0x0000000796d00000)
  from space 1024K, 9% used [0x0000000796d00000,0x0000000796d18000,0x0000000796e00000)
  to   space 1024K, 0% used [0x0000000796e00000,0x0000000796e00000,0x0000000796f00000)
 ParOldGen       total 87552K, used 16041K [0x0000000740000000, 0x0000000745580000, 0x0000000795580000)
  object space 87552K, 18% used [0x0000000740000000,0x0000000740faa4b8,0x0000000745580000)
 Metaspace       used 19713K, capacity 20089K, committed 20480K, reserved 1067008K
  class space    used 1925K, capacity 2030K, committed 2048K, reserved 1048576K
}
Event: 484.651 GC heap before
{Heap before GC invocations=56 (full 0):
 PSYoungGen      total 25088K, used 24160K [0x0000000795580000, 0x0000000796f00000, 0x00000007c0000000)
  eden space 24064K, 100% used [0x0000000795580000,0x0000000796d00000,0x0000000796d00000)
  from space 1024K, 9% used [0x0000000796d00000,0x0000000796d18000,0x0000000796e00000)
  to   space 1024K, 0% used [0x0000000796e00000,0x0000000796e00000,0x0000000796f00000)
 ParOldGen       total 87552K, used 16041K [0x0000000740000000, 0x0000000745580000, 0x0000000795580000)
  object space 87552K, 18% used [0x0000000740000000,0x0000000740faa4b8,0x0000000745580000)
 Metaspace       used 19713K, capacity 20089K, committed 20480K, reserved 1067008K
  class space    used 1925K, capacity 2030K, committed 2048K, reserved 1048576K
Event: 484.652 GC heap after
Heap after GC invocations=56 (full 0):
 PSYoungGen      total 25088K, used 96K [0x0000000795580000, 0x0000000796f00000, 0x00000007c0000000)
  eden space 24064K, 0% used [0x0000000795580000,0x0000000795580000,0x0000000796d00000)
  from space 1024K, 9% used [0x0000000796e00000,0x0000000796e18000,0x0000000796f00000)
  to   space 1024K, 0% used [0x0000000796d00000,0x0000000796d00000,0x0000000796e00000)
 ParOldGen       total 87552K, used 16041K [0x0000000740000000, 0x0000000745580000, 0x0000000795580000)
  object space 87552K, 18% used [0x0000000740000000,0x0000000740faa4b8,0x0000000745580000)
 Metaspace       used 19713K, capacity 20089K, committed 20480K, reserved 1067008K
  class space    used 1925K, capacity 2030K, committed 2048K, reserved 1048576K
}
Event: 492.929 GC heap before
{Heap before GC invocations=57 (full 0):
 PSYoungGen      total 25088K, used 24160K [0x0000000795580000, 0x0000000796f00000, 0x00000007c0000000)
  eden space 24064K, 100% used [0x0000000795580000,0x0000000796d00000,0x0000000796d00000)
  from space 1024K, 9% used [0x0000000796e00000,0x0000000796e18000,0x0000000796f00000)
  to   space 1024K, 0% used [0x0000000796d00000,0x0000000796d00000,0x0000000796e00000)
 ParOldGen       total 87552K, used 16041K [0x0000000740000000, 0x0000000745580000, 0x0000000795580000)
  object space 87552K, 18% used [0x0000000740000000,0x0000000740faa4b8,0x0000000745580000)
 Metaspace       used 19713K, capacity 20089K, committed 20480K, reserved 1067008K
  class space    used 1925K, capacity 2030K, committed 2048K, reserved 1048576K
Event: 492.930 GC heap after
Heap after GC invocations=57 (full 0):
 PSYoungGen      total 25088K, used 96K [0x0000000795580000, 0x0000000796f00000, 0x00000007c0000000)
  eden space 24064K, 0% used [0x0000000795580000,0x0000000795580000,0x0000000796d00000)
  from space 1024K, 9% used [0x0000000796d00000,0x0000000796d18000,0x0000000796e00000)
  to   space 1024K, 0% used [0x0000000796e00000,0x0000000796e00000,0x0000000796f00000)
 ParOldGen       total 87552K, used 16041K [0x0000000740000000, 0x0000000745580000, 0x0000000795580000)
  object space 87552K, 18% used [0x0000000740000000,0x0000000740faa4b8,0x0000000745580000)
 Metaspace       used 19713K, capacity 20089K, committed 20480K, reserved 1067008K
  class space    used 1925K, capacity 2030K, committed 2048K, reserved 1048576K
}
Event: 501.380 GC heap before
{Heap before GC invocations=58 (full 0):
 PSYoungGen      total 25088K, used 24160K [0x0000000795580000, 0x0000000796f00000, 0x00000007c0000000)
  eden space 24064K, 100% used [0x0000000795580000,0x0000000796d00000,0x0000000796d00000)
  from space 1024K, 9% used [0x0000000796d00000,0x0000000796d18000,0x0000000796e00000)
  to   space 1024K, 0% used [0x0000000796e00000,0x0000000796e00000,0x0000000796f00000)
 ParOldGen       total 87552K, used 16041K [0x0000000740000000, 0x0000000745580000, 0x0000000795580000)
  object space 87552K, 18% used [0x0000000740000000,0x0000000740faa4b8,0x0000000745580000)
 Metaspace       used 19713K, capacity 20089K, committed 20480K, reserved 1067008K
  class space    used 1925K, capacity 2030K, committed 2048K, reserved 1048576K
Event: 501.382 GC heap after
Heap after GC invocations=58 (full 0):
 PSYoungGen      total 25088K, used 96K [0x0000000795580000, 0x0000000796f00000, 0x00000007c0000000)
  eden space 24064K, 0% used [0x0000000795580000,0x0000000795580000,0x0000000796d00000)
  from space 1024K, 9% used [0x0000000796e00000,0x0000000796e18000,0x0000000796f00000)
  to   space 1024K, 0% used [0x0000000796d00000,0x0000000796d00000,0x0000000796e00000)
 ParOldGen       total 87552K, used 16041K [0x0000000740000000, 0x0000000745580000, 0x0000000795580000)
  object space 87552K, 18% used [0x0000000740000000,0x0000000740faa4b8,0x0000000745580000)
 Metaspace       used 19713K, capacity 20089K, committed 20480K, reserved 1067008K
  class space    used 1925K, capacity 2030K, committed 2048K, reserved 1048576K
}
Event: 509.679 GC heap before
{Heap before GC invocations=59 (full 0):
 PSYoungGen      total 25088K, used 24160K [0x0000000795580000, 0x0000000796f00000, 0x00000007c0000000)
  eden space 24064K, 100% used [0x0000000795580000,0x0000000796d00000,0x0000000796d00000)
  from space 1024K, 9% used [0x0000000796e00000,0x0000000796e18000,0x0000000796f00000)
  to   space 1024K, 0% used [0x0000000796d00000,0x0000000796d00000,0x0000000796e00000)
 ParOldGen       total 87552K, used 16041K [0x0000000740000000, 0x0000000745580000, 0x0000000795580000)
  object space 87552K, 18% used [0x0000000740000000,0x0000000740faa4b8,0x0000000745580000)
 Metaspace       used 19713K, capacity 20089K, committed 20480K, reserved 1067008K
  class space    used 1925K, capacity 2030K, committed 2048K, reserved 1048576K
Event: 509.680 GC heap after
Heap after GC invocations=59 (full 0):
 PSYoungGen      total 25088K, used 96K [0x0000000795580000, 0x0000000796f00000, 0x00000007c0000000)
  eden space 24064K, 0% used [0x0000000795580000,0x0000000795580000,0x0000000796d00000)
  from space 1024K, 9% used [0x0000000796d00000,0x0000000796d18000,0x0000000796e00000)
  to   space 1024K, 0% used [0x0000000796e00000,0x0000000796e00000,0x0000000796f00000)
 ParOldGen       total 87552K, used 16041K [0x0000000740000000, 0x0000000745580000, 0x0000000795580000)
  object space 87552K, 18% used [0x0000000740000000,0x0000000740faa4b8,0x0000000745580000)
 Metaspace       used 19713K, capacity 20089K, committed 20480K, reserved 1067008K
  class space    used 1925K, capacity 2030K, committed 2048K, reserved 1048576K
}

