# JRE version: Java(TM) SE Runtime Environment (8.0_241-b07) (build 1.8.0_241-b07)
# Java VM: Java HotSpot(TM) 64-Bit Server VM (25.241-b07 mixed mode bsd-amd64 compressed oops)
Heap:
 PSYoungGen      total 48640K, used 6577K [0x0000000795580000, 0x000000079a880000, 0x00000007c0000000)
  eden space 48128K, 13% used [0x0000000795580000,0x0000000795bd4668,0x0000000798480000)
  from space 512K, 18% used [0x0000000798a80000,0x0000000798a98000,0x0000000798b00000)
  to   space 15872K, 0% used [0x0000000799900000,0x0000000799900000,0x000000079a880000)
 ParOldGen       total 87552K, used 62620K [0x0000000740000000, 0x0000000745580000, 0x0000000795580000)
  object space 87552K, 71% used [0x0000000740000000,0x0000000743d27010,0x0000000745580000)
 Metaspace       used 19885K, capacity 20301K, committed 20480K, reserved 1067008K
  class space    used 1937K, capacity 2032K, committed 2048K, reserved 1048576K
GC Heap History (10 events):
Event: 63.044 GC heap before
{Heap before GC invocations=13 (full 0):
 PSYoungGen      total 60416K, used 60153K [0x0000000795580000, 0x000000079cb00000, 0x00000007c0000000)
  eden space 54784K, 100% used [0x0000000795580000,0x0000000798b00000,0x0000000798b00000)
  from space 5632K, 95% used [0x000000079c580000,0x000000079cabe6c0,0x000000079cb00000)
  to   space 15360K, 0% used [0x000000079ad00000,0x000000079ad00000,0x000000079bc00000)
 ParOldGen       total 87552K, used 51937K [0x0000000740000000, 0x0000000745580000, 0x0000000795580000)
  object space 87552K, 59% used [0x0000000740000000,0x00000007432b8780,0x0000000745580000)
 Metaspace       used 19813K, capacity 20233K, committed 20480K, reserved 1067008K
  class space    used 1924K, capacity 2030K, committed 2048K, reserved 1048576K
Event: 63.051 GC heap after
Heap after GC invocations=13 (full 0):
 PSYoungGen      total 56832K, used 3520K [0x0000000795580000, 0x000000079c600000, 0x00000007c0000000)
  eden space 53248K, 0% used [0x0000000795580000,0x0000000795580000,0x0000000798980000)
  from space 3584K, 98% used [0x000000079ad00000,0x000000079b0700d0,0x000000079b080000)
  to   space 15360K, 0% used [0x000000079b700000,0x000000079b700000,0x000000079c600000)
 ParOldGen       total 87552K, used 56131K [0x0000000740000000, 0x0000000745580000, 0x0000000795580000)
  object space 87552K, 64% used [0x0000000740000000,0x00000007436d0e00,0x0000000745580000)
 Metaspace       used 19813K, capacity 20233K, committed 20480K, reserved 1067008K
  class space    used 1924K, capacity 2030K, committed 2048K, reserved 1048576K
}
Event: 70.078 GC heap before
{Heap before GC invocations=14 (full 0):
 PSYoungGen      total 56832K, used 56768K [0x0000000795580000, 0x000000079c600000, 0x00000007c0000000)
  eden space 53248K, 100% used [0x0000000795580000,0x0000000798980000,0x0000000798980000)
  from space 3584K, 98% used [0x000000079ad00000,0x000000079b0700d0,0x000000079b080000)
  to   space 15360K, 0% used [0x000000079b700000,0x000000079b700000,0x000000079c600000)
 ParOldGen       total 87552K, used 56131K [0x0000000740000000, 0x0000000745580000, 0x0000000795580000)
  object space 87552K, 64% used [0x0000000740000000,0x00000007436d0e00,0x0000000745580000)
 Metaspace       used 19815K, capacity 20233K, committed 20480K, reserved 1067008K
  class space    used 1924K, capacity 2030K, committed 2048K, reserved 1048576K
Event: 70.084 GC heap after
Heap after GC invocations=14 (full 0):
 PSYoungGen      total 53760K, used 1856K [0x0000000795580000, 0x000000079b900000, 0x00000007c0000000)
  eden space 51712K, 0% used [0x0000000795580000,0x0000000795580000,0x0000000798800000)
  from space 2048K, 90% used [0x000000079b700000,0x000000079b8d0080,0x000000079b900000)
  to   space 15872K, 0% used [0x0000000799a00000,0x0000000799a00000,0x000000079a980000)
 ParOldGen       total 87552K, used 59523K [0x0000000740000000, 0x0000000745580000, 0x0000000795580000)
  object space 87552K, 67% used [0x0000000740000000,0x0000000743a20ed0,0x0000000745580000)
 Metaspace       used 19815K, capacity 20233K, committed 20480K, reserved 1067008K
  class space    used 1924K, capacity 2030K, committed 2048K, reserved 1048576K
}
Event: 78.042 GC heap before
{Heap before GC invocations=15 (full 0):
 PSYoungGen      total 53760K, used 53333K [0x0000000795580000, 0x000000079b900000, 0x00000007c0000000)
  eden space 51712K, 99% used [0x0000000795580000,0x00000007987c55a8,0x0000000798800000)
  from space 2048K, 90% used [0x000000079b700000,0x000000079b8d0080,0x000000079b900000)
  to   space 15872K, 0% used [0x0000000799a00000,0x0000000799a00000,0x000000079a980000)
 ParOldGen       total 87552K, used 59523K [0x0000000740000000, 0x0000000745580000, 0x0000000795580000)
  object space 87552K, 67% used [0x0000000740000000,0x0000000743a20ed0,0x0000000745580000)
 Metaspace       used 19816K, capacity 20233K, committed 20480K, reserved 1067008K
  class space    used 1924K, capacity 2030K, committed 2048K, reserved 1048576K
Event: 78.044 GC heap after
Heap after GC invocations=15 (full 0):
 PSYoungGen      total 52224K, used 1616K [0x0000000795580000, 0x000000079b780000, 0x00000007c0000000)
  eden space 50176K, 0% used [0x0000000795580000,0x0000000795580000,0x0000000798680000)
  from space 2048K, 78% used [0x0000000799a00000,0x0000000799b94080,0x0000000799c00000)
  to   space 15872K, 0% used [0x000000079a800000,0x000000079a800000,0x000000079b780000)
 ParOldGen       total 87552K, used 61123K [0x0000000740000000, 0x0000000745580000, 0x0000000795580000)
  object space 87552K, 69% used [0x0000000740000000,0x0000000743bb0f30,0x0000000745580000)
 Metaspace       used 19816K, capacity 20233K, committed 20480K, reserved 1067008K
  class space    used 1924K, capacity 2030K, committed 2048K, reserved 1048576K
}
Event: 84.964 GC heap before
{Heap before GC invocations=16 (full 0):
 PSYoungGen      total 52224K, used 51792K [0x0000000795580000, 0x000000079b780000, 0x00000007c0000000)
  eden space 50176K, 100% used [0x0000000795580000,0x0000000798680000,0x0000000798680000)
  from space 2048K, 78% used [0x0000000799a00000,0x0000000799b94080,0x0000000799c00000)
  to   space 15872K, 0% used [0x000000079a800000,0x000000079a800000,0x000000079b780000)
 ParOldGen       total 87552K, used 61123K [0x0000000740000000, 0x0000000745580000, 0x0000000795580000)
  object space 87552K, 69% used [0x0000000740000000,0x0000000743bb0f30,0x0000000745580000)
 Metaspace       used 19816K, capacity 20233K, committed 20480K, reserved 1067008K
  class space    used 1924K, capacity 2030K, committed 2048K, reserved 1048576K
Event: 84.965 GC heap after
Heap after GC invocations=16 (full 0):
 PSYoungGen      total 50688K, used 1408K [0x0000000795580000, 0x000000079a980000, 0x00000007c0000000)
  eden space 49152K, 0% used [0x0000000795580000,0x0000000795580000,0x0000000798580000)
  from space 1536K, 91% used [0x000000079a800000,0x000000079a960050,0x000000079a980000)
  to   space 15872K, 0% used [0x0000000798a80000,0x0000000798a80000,0x0000000799a00000)
 ParOldGen       total 87552K, used 61291K [0x0000000740000000, 0x0000000745580000, 0x0000000795580000)
  object space 87552K, 70% used [0x0000000740000000,0x0000000743bdafc0,0x0000000745580000)
 Metaspace       used 19816K, capacity 20233K, committed 20480K, reserved 1067008K
  class space    used 1924K, capacity 2030K, committed 2048K, reserved 1048576K
}
Event: 93.021 GC heap before
{Heap before GC invocations=17 (full 0):
 PSYoungGen      total 50688K, used 50560K [0x0000000795580000, 0x000000079a980000, 0x00000007c0000000)
  eden space 49152K, 100% used [0x0000000795580000,0x0000000798580000,0x0000000798580000)
  from space 1536K, 91% used [0x000000079a800000,0x000000079a960050,0x000000079a980000)
  to   space 15872K, 0% used [0x0000000798a80000,0x0000000798a80000,0x0000000799a00000)
 ParOldGen       total 87552K, used 61291K [0x0000000740000000, 0x0000000745580000, 0x0000000795580000)
  object space 87552K, 70% used [0x0000000740000000,0x0000000743bdafc0,0x0000000745580000)
 Metaspace       used 19816K, capacity 20233K, committed 20480K, reserved 1067008K
  class space    used 1924K, capacity 2030K, committed 2048K, reserved 1048576K
Event: 93.022 GC heap after
Heap after GC invocations=17 (full 0):
 PSYoungGen      total 48640K, used 96K [0x0000000795580000, 0x000000079a880000, 0x00000007c0000000)
  eden space 48128K, 0% used [0x0000000795580000,0x0000000795580000,0x0000000798480000)
  from space 512K, 18% used [0x0000000798a80000,0x0000000798a98000,0x0000000798b00000)
  to   space 15872K, 0% used [0x0000000799900000,0x0000000799900000,0x000000079a880000)
 ParOldGen       total 87552K, used 62620K [0x0000000740000000, 0x0000000745580000, 0x0000000795580000)
  object space 87552K, 71% used [0x0000000740000000,0x0000000743d27010,0x0000000745580000)
 Metaspace       used 19816K, capacity 20233K, committed 20480K, reserved 1067008K
  class space    used 1924K, capacity 2030K, committed 2048K, reserved 1048576K
}

