# JRE version: Java(TM) SE Runtime Environment (8.0_241-b07) (build 1.8.0_241-b07)
# Java VM: Java HotSpot(TM) 64-Bit Server VM (25.241-b07 mixed mode bsd-amd64 compressed oops)
Heap:
 PSYoungGen      total 33280K, used 7257K [0x0000000795580000, 0x0000000798580000, 0x00000007c0000000)
  eden space 28672K, 10% used [0x0000000795580000,0x00000007958561e8,0x0000000797180000)
  from space 4608K, 94% used [0x0000000797200000,0x0000000797640310,0x0000000797680000)
  to   space 10240K, 0% used [0x0000000797b80000,0x0000000797b80000,0x0000000798580000)
 ParOldGen       total 45056K, used 16982K [0x0000000740000000, 0x0000000742c00000, 0x0000000795580000)
  object space 45056K, 37% used [0x0000000740000000,0x0000000741095868,0x0000000742c00000)
 Metaspace       used 25404K, capacity 25775K, committed 26240K, reserved 1073152K
  class space    used 2533K, capacity 2630K, committed 2688K, reserved 1048576K
GC Heap History (10 events):
Event: 50.896 GC heap before
{Heap before GC invocations=10 (full 1):
 PSYoungGen      total 41984K, used 35504K [0x0000000795580000, 0x0000000798b00000, 0x00000007c0000000)
  eden space 31232K, 100% used [0x0000000795580000,0x0000000797400000,0x0000000797400000)
  from space 10752K, 39% used [0x0000000798080000,0x00000007984ac300,0x0000000798b00000)
  to   space 11776K, 0% used [0x0000000797400000,0x0000000797400000,0x0000000797f80000)
 ParOldGen       total 45056K, used 16974K [0x0000000740000000, 0x0000000742c00000, 0x0000000795580000)
  object space 45056K, 37% used [0x0000000740000000,0x0000000741093868,0x0000000742c00000)
 Metaspace       used 25315K, capacity 25699K, committed 25984K, reserved 1073152K
  class space    used 2519K, capacity 2626K, committed 2688K, reserved 1048576K
Event: 50.899 GC heap after
Heap after GC invocations=10 (full 1):
 PSYoungGen      total 35328K, used 4320K [0x0000000795580000, 0x0000000798a80000, 0x00000007c0000000)
  eden space 30720K, 0% used [0x0000000795580000,0x0000000795580000,0x0000000797380000)
  from space 4608K, 93% used [0x0000000797400000,0x0000000797838310,0x0000000797880000)
  to   space 11776K, 0% used [0x0000000797f00000,0x0000000797f00000,0x0000000798a80000)
 ParOldGen       total 45056K, used 16974K [0x0000000740000000, 0x0000000742c00000, 0x0000000795580000)
  object space 45056K, 37% used [0x0000000740000000,0x0000000741093868,0x0000000742c00000)
 Metaspace       used 25315K, capacity 25699K, committed 25984K, reserved 1073152K
  class space    used 2519K, capacity 2626K, committed 2688K, reserved 1048576K
}
Event: 57.100 GC heap before
{Heap before GC invocations=11 (full 1):
 PSYoungGen      total 35328K, used 35040K [0x0000000795580000, 0x0000000798a80000, 0x00000007c0000000)
  eden space 30720K, 100% used [0x0000000795580000,0x0000000797380000,0x0000000797380000)
  from space 4608K, 93% used [0x0000000797400000,0x0000000797838310,0x0000000797880000)
  to   space 11776K, 0% used [0x0000000797f00000,0x0000000797f00000,0x0000000798a80000)
 ParOldGen       total 45056K, used 16974K [0x0000000740000000, 0x0000000742c00000, 0x0000000795580000)
  object space 45056K, 37% used [0x0000000740000000,0x0000000741093868,0x0000000742c00000)
 Metaspace       used 25315K, capacity 25699K, committed 25984K, reserved 1073152K
  class space    used 2519K, capacity 2626K, committed 2688K, reserved 1048576K
Event: 57.104 GC heap after
Heap after GC invocations=11 (full 1):
 PSYoungGen      total 40448K, used 4320K [0x0000000795580000, 0x0000000798900000, 0x00000007c0000000)
  eden space 30208K, 0% used [0x0000000795580000,0x0000000795580000,0x0000000797300000)
  from space 10240K, 42% used [0x0000000797f00000,0x0000000798338310,0x0000000798900000)
  to   space 11264K, 0% used [0x0000000797300000,0x0000000797300000,0x0000000797e00000)
 ParOldGen       total 45056K, used 16982K [0x0000000740000000, 0x0000000742c00000, 0x0000000795580000)
  object space 45056K, 37% used [0x0000000740000000,0x0000000741095868,0x0000000742c00000)
 Metaspace       used 25315K, capacity 25699K, committed 25984K, reserved 1073152K
  class space    used 2519K, capacity 2626K, committed 2688K, reserved 1048576K
}
Event: 63.173 GC heap before
{Heap before GC invocations=12 (full 1):
 PSYoungGen      total 40448K, used 34528K [0x0000000795580000, 0x0000000798900000, 0x00000007c0000000)
  eden space 30208K, 100% used [0x0000000795580000,0x0000000797300000,0x0000000797300000)
  from space 10240K, 42% used [0x0000000797f00000,0x0000000798338310,0x0000000798900000)
  to   space 11264K, 0% used [0x0000000797300000,0x0000000797300000,0x0000000797e00000)
 ParOldGen       total 45056K, used 16982K [0x0000000740000000, 0x0000000742c00000, 0x0000000795580000)
  object space 45056K, 37% used [0x0000000740000000,0x0000000741095868,0x0000000742c00000)
 Metaspace       used 25315K, capacity 25699K, committed 25984K, reserved 1073152K
  class space    used 2519K, capacity 2626K, committed 2688K, reserved 1048576K
Event: 63.176 GC heap after
Heap after GC invocations=12 (full 1):
 PSYoungGen      total 34304K, used 4352K [0x0000000795580000, 0x0000000798780000, 0x00000007c0000000)
  eden space 29696K, 0% used [0x0000000795580000,0x0000000795580000,0x0000000797280000)
  from space 4608K, 94% used [0x0000000797300000,0x0000000797740310,0x0000000797780000)
  to   space 10752K, 0% used [0x0000000797d00000,0x0000000797d00000,0x0000000798780000)
 ParOldGen       total 45056K, used 16982K [0x0000000740000000, 0x0000000742c00000, 0x0000000795580000)
  object space 45056K, 37% used [0x0000000740000000,0x0000000741095868,0x0000000742c00000)
 Metaspace       used 25315K, capacity 25699K, committed 25984K, reserved 1073152K
  class space    used 2519K, capacity 2626K, committed 2688K, reserved 1048576K
}
Event: 69.227 GC heap before
{Heap before GC invocations=13 (full 1):
 PSYoungGen      total 34304K, used 34048K [0x0000000795580000, 0x0000000798780000, 0x00000007c0000000)
  eden space 29696K, 100% used [0x0000000795580000,0x0000000797280000,0x0000000797280000)
  from space 4608K, 94% used [0x0000000797300000,0x0000000797740310,0x0000000797780000)
  to   space 10752K, 0% used [0x0000000797d00000,0x0000000797d00000,0x0000000798780000)
 ParOldGen       total 45056K, used 16982K [0x0000000740000000, 0x0000000742c00000, 0x0000000795580000)
  object space 45056K, 37% used [0x0000000740000000,0x0000000741095868,0x0000000742c00000)
 Metaspace       used 25315K, capacity 25699K, committed 25984K, reserved 1073152K
  class space    used 2519K, capacity 2626K, committed 2688K, reserved 1048576K
Event: 69.230 GC heap after
Heap after GC invocations=13 (full 1):
 PSYoungGen      total 39424K, used 4320K [0x0000000795580000, 0x0000000798700000, 0x00000007c0000000)
  eden space 29184K, 0% used [0x0000000795580000,0x0000000795580000,0x0000000797200000)
  from space 10240K, 42% used [0x0000000797d00000,0x0000000798138310,0x0000000798700000)
  to   space 10752K, 0% used [0x0000000797200000,0x0000000797200000,0x0000000797c80000)
 ParOldGen       total 45056K, used 16982K [0x0000000740000000, 0x0000000742c00000, 0x0000000795580000)
  object space 45056K, 37% used [0x0000000740000000,0x0000000741095868,0x0000000742c00000)
 Metaspace       used 25315K, capacity 25699K, committed 25984K, reserved 1073152K
  class space    used 2519K, capacity 2626K, committed 2688K, reserved 1048576K
}
Event: 75.170 GC heap before
{Heap before GC invocations=14 (full 1):
 PSYoungGen      total 39424K, used 33504K [0x0000000795580000, 0x0000000798700000, 0x00000007c0000000)
  eden space 29184K, 100% used [0x0000000795580000,0x0000000797200000,0x0000000797200000)
  from space 10240K, 42% used [0x0000000797d00000,0x0000000798138310,0x0000000798700000)
  to   space 10752K, 0% used [0x0000000797200000,0x0000000797200000,0x0000000797c80000)
 ParOldGen       total 45056K, used 16982K [0x0000000740000000, 0x0000000742c00000, 0x0000000795580000)
  object space 45056K, 37% used [0x0000000740000000,0x0000000741095868,0x0000000742c00000)
 Metaspace       used 25338K, capacity 25707K, committed 25984K, reserved 1073152K
  class space    used 2520K, capacity 2628K, committed 2688K, reserved 1048576K
Event: 75.173 GC heap after
Heap after GC invocations=14 (full 1):
 PSYoungGen      total 33280K, used 4352K [0x0000000795580000, 0x0000000798580000, 0x00000007c0000000)
  eden space 28672K, 0% used [0x0000000795580000,0x0000000795580000,0x0000000797180000)
  from space 4608K, 94% used [0x0000000797200000,0x0000000797640310,0x0000000797680000)
  to   space 10240K, 0% used [0x0000000797b80000,0x0000000797b80000,0x0000000798580000)
 ParOldGen       total 45056K, used 16982K [0x0000000740000000, 0x0000000742c00000, 0x0000000795580000)
  object space 45056K, 37% used [0x0000000740000000,0x0000000741095868,0x0000000742c00000)
 Metaspace       used 25338K, capacity 25707K, committed 25984K, reserved 1073152K
  class space    used 2520K, capacity 2628K, committed 2688K, reserved 1048576K
}

