# JRE version: Java(TM) SE Runtime Environment (8.0_241-b07) (build 1.8.0_241-b07)
# Java VM: Java HotSpot(TM) 64-Bit Server VM (25.241-b07 mixed mode bsd-amd64 compressed oops)
Heap:
 PSYoungGen      total 51712K, used 32646K [0x0000000795580000, 0x0000000798d80000, 0x00000007c0000000)
  eden space 46592K, 59% used [0x0000000795580000,0x0000000797069638,0x0000000798300000)
  from space 5120K, 99% used [0x0000000798880000,0x0000000798d78560,0x0000000798d80000)
  to   space 5120K, 0% used [0x0000000798380000,0x0000000798380000,0x0000000798880000)
 ParOldGen       total 62976K, used 17908K [0x0000000740000000, 0x0000000743d80000, 0x0000000795580000)
  object space 62976K, 28% used [0x0000000740000000,0x000000074117d170,0x0000000743d80000)
 Metaspace       used 25344K, capacity 25769K, committed 26368K, reserved 1073152K
  class space    used 2537K, capacity 2691K, committed 2816K, reserved 1048576K
GC Heap History (10 events):
Event: 3.411 GC heap before
{Heap before GC invocations=1 (full 0):
 PSYoungGen      total 38400K, used 33280K [0x0000000795580000, 0x0000000798000000, 0x00000007c0000000)
  eden space 33280K, 100% used [0x0000000795580000,0x0000000797600000,0x0000000797600000)
  from space 5120K, 0% used [0x0000000797b00000,0x0000000797b00000,0x0000000798000000)
  to   space 5120K, 0% used [0x0000000797600000,0x0000000797600000,0x0000000797b00000)
 ParOldGen       total 87552K, used 0K [0x0000000740000000, 0x0000000745580000, 0x0000000795580000)
  object space 87552K, 0% used [0x0000000740000000,0x0000000740000000,0x0000000745580000)
 Metaspace       used 16487K, capacity 16897K, committed 17280K, reserved 1064960K
  class space    used 1697K, capacity 1796K, committed 1920K, reserved 1048576K
Event: 3.417 GC heap after
Heap after GC invocations=1 (full 0):
 PSYoungGen      total 38400K, used 5091K [0x0000000795580000, 0x0000000798000000, 0x00000007c0000000)
  eden space 33280K, 0% used [0x0000000795580000,0x0000000795580000,0x0000000797600000)
  from space 5120K, 99% used [0x0000000797600000,0x0000000797af8e48,0x0000000797b00000)
  to   space 5120K, 0% used [0x0000000797b00000,0x0000000797b00000,0x0000000798000000)
 ParOldGen       total 87552K, used 56K [0x0000000740000000, 0x0000000745580000, 0x0000000795580000)
  object space 87552K, 0% used [0x0000000740000000,0x000000074000e148,0x0000000745580000)
 Metaspace       used 16487K, capacity 16897K, committed 17280K, reserved 1064960K
  class space    used 1697K, capacity 1796K, committed 1920K, reserved 1048576K
}
Event: 4.174 GC heap before
{Heap before GC invocations=2 (full 0):
 PSYoungGen      total 38400K, used 37036K [0x0000000795580000, 0x0000000798000000, 0x00000007c0000000)
  eden space 33280K, 95% used [0x0000000795580000,0x00000007974b23e0,0x0000000797600000)
  from space 5120K, 99% used [0x0000000797600000,0x0000000797af8e48,0x0000000797b00000)
  to   space 5120K, 0% used [0x0000000797b00000,0x0000000797b00000,0x0000000798000000)
 ParOldGen       total 87552K, used 56K [0x0000000740000000, 0x0000000745580000, 0x0000000795580000)
  object space 87552K, 0% used [0x0000000740000000,0x000000074000e148,0x0000000745580000)
 Metaspace       used 20623K, capacity 21047K, committed 21248K, reserved 1069056K
  class space    used 2148K, capacity 2296K, committed 2304K, reserved 1048576K
Event: 4.186 GC heap after
Heap after GC invocations=2 (full 0):
 PSYoungGen      total 38400K, used 5104K [0x0000000795580000, 0x0000000798000000, 0x00000007c0000000)
  eden space 33280K, 0% used [0x0000000795580000,0x0000000795580000,0x0000000797600000)
  from space 5120K, 99% used [0x0000000797b00000,0x0000000797ffc070,0x0000000798000000)
  to   space 5120K, 0% used [0x0000000797600000,0x0000000797600000,0x0000000797b00000)
 ParOldGen       total 87552K, used 2936K [0x0000000740000000, 0x0000000745580000, 0x0000000795580000)
  object space 87552K, 3% used [0x0000000740000000,0x00000007402de3d8,0x0000000745580000)
 Metaspace       used 20623K, capacity 21047K, committed 21248K, reserved 1069056K
  class space    used 2148K, capacity 2296K, committed 2304K, reserved 1048576K
}
Event: 4.186 GC heap before
{Heap before GC invocations=3 (full 1):
 PSYoungGen      total 38400K, used 5104K [0x0000000795580000, 0x0000000798000000, 0x00000007c0000000)
  eden space 33280K, 0% used [0x0000000795580000,0x0000000795580000,0x0000000797600000)
  from space 5120K, 99% used [0x0000000797b00000,0x0000000797ffc070,0x0000000798000000)
  to   space 5120K, 0% used [0x0000000797600000,0x0000000797600000,0x0000000797b00000)
 ParOldGen       total 87552K, used 2936K [0x0000000740000000, 0x0000000745580000, 0x0000000795580000)
  object space 87552K, 3% used [0x0000000740000000,0x00000007402de3d8,0x0000000745580000)
 Metaspace       used 20623K, capacity 21047K, committed 21248K, reserved 1069056K
  class space    used 2148K, capacity 2296K, committed 2304K, reserved 1048576K
Event: 4.227 GC heap after
Heap after GC invocations=3 (full 1):
 PSYoungGen      total 38400K, used 0K [0x0000000795580000, 0x0000000798000000, 0x00000007c0000000)
  eden space 33280K, 0% used [0x0000000795580000,0x0000000795580000,0x0000000797600000)
  from space 5120K, 0% used [0x0000000797b00000,0x0000000797b00000,0x0000000798000000)
  to   space 5120K, 0% used [0x0000000797600000,0x0000000797600000,0x0000000797b00000)
 ParOldGen       total 62976K, used 7856K [0x0000000740000000, 0x0000000743d80000, 0x0000000795580000)
  object space 62976K, 12% used [0x0000000740000000,0x00000007407ac2b8,0x0000000743d80000)
 Metaspace       used 20621K, capacity 21041K, committed 21248K, reserved 1069056K
  class space    used 2148K, capacity 2295K, committed 2304K, reserved 1048576K
}
Event: 6.015 GC heap before
{Heap before GC invocations=4 (full 1):
 PSYoungGen      total 38400K, used 33280K [0x0000000795580000, 0x0000000798000000, 0x00000007c0000000)
  eden space 33280K, 100% used [0x0000000795580000,0x0000000797600000,0x0000000797600000)
  from space 5120K, 0% used [0x0000000797b00000,0x0000000797b00000,0x0000000798000000)
  to   space 5120K, 0% used [0x0000000797600000,0x0000000797600000,0x0000000797b00000)
 ParOldGen       total 62976K, used 7856K [0x0000000740000000, 0x0000000743d80000, 0x0000000795580000)
  object space 62976K, 12% used [0x0000000740000000,0x00000007407ac2b8,0x0000000743d80000)
 Metaspace       used 24583K, capacity 24927K, committed 25216K, reserved 1071104K
  class space    used 2516K, capacity 2624K, committed 2688K, reserved 1048576K
Event: 6.021 GC heap after
Heap after GC invocations=4 (full 1):
 PSYoungGen      total 38400K, used 5113K [0x0000000795580000, 0x0000000798d80000, 0x00000007c0000000)
  eden space 33280K, 0% used [0x0000000795580000,0x0000000795580000,0x0000000797600000)
  from space 5120K, 99% used [0x0000000797600000,0x0000000797afe688,0x0000000797b00000)
  to   space 5120K, 0% used [0x0000000798880000,0x0000000798880000,0x0000000798d80000)
 ParOldGen       total 62976K, used 14252K [0x0000000740000000, 0x0000000743d80000, 0x0000000795580000)
  object space 62976K, 22% used [0x0000000740000000,0x0000000740deb3f0,0x0000000743d80000)
 Metaspace       used 24583K, capacity 24927K, committed 25216K, reserved 1071104K
  class space    used 2516K, capacity 2624K, committed 2688K, reserved 1048576K
}
Event: 7.529 GC heap before
{Heap before GC invocations=5 (full 1):
 PSYoungGen      total 38400K, used 38393K [0x0000000795580000, 0x0000000798d80000, 0x00000007c0000000)
  eden space 33280K, 100% used [0x0000000795580000,0x0000000797600000,0x0000000797600000)
  from space 5120K, 99% used [0x0000000797600000,0x0000000797afe688,0x0000000797b00000)
  to   space 5120K, 0% used [0x0000000798880000,0x0000000798880000,0x0000000798d80000)
 ParOldGen       total 62976K, used 14252K [0x0000000740000000, 0x0000000743d80000, 0x0000000795580000)
  object space 62976K, 22% used [0x0000000740000000,0x0000000740deb3f0,0x0000000743d80000)
 Metaspace       used 24982K, capacity 25381K, committed 25728K, reserved 1073152K
  class space    used 2522K, capacity 2625K, committed 2688K, reserved 1048576K
Event: 7.536 GC heap after
Heap after GC invocations=5 (full 1):
 PSYoungGen      total 51712K, used 5089K [0x0000000795580000, 0x0000000798d80000, 0x00000007c0000000)
  eden space 46592K, 0% used [0x0000000795580000,0x0000000795580000,0x0000000798300000)
  from space 5120K, 99% used [0x0000000798880000,0x0000000798d78560,0x0000000798d80000)
  to   space 5120K, 0% used [0x0000000798380000,0x0000000798380000,0x0000000798880000)
 ParOldGen       total 62976K, used 17908K [0x0000000740000000, 0x0000000743d80000, 0x0000000795580000)
  object space 62976K, 28% used [0x0000000740000000,0x000000074117d170,0x0000000743d80000)
 Metaspace       used 24982K, capacity 25381K, committed 25728K, reserved 1073152K
  class space    used 2522K, capacity 2625K, committed 2688K, reserved 1048576K
}

