# JRE version: Java(TM) SE Runtime Environment (8.0_241-b07) (build 1.8.0_241-b07)
# Java VM: Java HotSpot(TM) 64-Bit Server VM (25.241-b07 mixed mode bsd-amd64 compressed oops)
Heap:
 PSYoungGen      total 54784K, used 28913K [0x0000000795580000, 0x000000079af00000, 0x00000007c0000000)
  eden space 49664K, 47% used [0x0000000795580000,0x0000000796cc0268,0x0000000798600000)
  from space 5120K, 99% used [0x0000000798600000,0x0000000798afc220,0x0000000798b00000)
  to   space 11264K, 0% used [0x000000079a400000,0x000000079a400000,0x000000079af00000)
 ParOldGen       total 59392K, used 17721K [0x0000000740000000, 0x0000000743a00000, 0x0000000795580000)
  object space 59392K, 29% used [0x0000000740000000,0x000000074114e518,0x0000000743a00000)
 Metaspace       used 24438K, capacity 24897K, committed 25136K, reserved 1071104K
  class space    used 2476K, capacity 2595K, committed 2608K, reserved 1048576K
GC Heap History (10 events):
Event: 6.921 GC heap before
{Heap before GC invocations=2 (full 0):
 PSYoungGen      total 38400K, used 26976K [0x0000000795580000, 0x0000000798000000, 0x00000007c0000000)
  eden space 33280K, 65% used [0x0000000795580000,0x0000000796adefe8,0x0000000797600000)
  from space 5120K, 99% used [0x0000000797600000,0x0000000797af9208,0x0000000797b00000)
  to   space 5120K, 0% used [0x0000000797b00000,0x0000000797b00000,0x0000000798000000)
 ParOldGen       total 87552K, used 106K [0x0000000740000000, 0x0000000745580000, 0x0000000795580000)
  object space 87552K, 0% used [0x0000000740000000,0x000000074001ab00,0x0000000745580000)
 Metaspace       used 20763K, capacity 21161K, committed 21296K, reserved 1069056K
  class space    used 2172K, capacity 2325K, committed 2352K, reserved 1048576K
Event: 6.934 GC heap after
Heap after GC invocations=2 (full 0):
 PSYoungGen      total 38400K, used 5105K [0x0000000795580000, 0x0000000798000000, 0x00000007c0000000)
  eden space 33280K, 0% used [0x0000000795580000,0x0000000795580000,0x0000000797600000)
  from space 5120K, 99% used [0x0000000797b00000,0x0000000797ffc4d0,0x0000000798000000)
  to   space 5120K, 0% used [0x0000000797600000,0x0000000797600000,0x0000000797b00000)
 ParOldGen       total 87552K, used 2862K [0x0000000740000000, 0x0000000745580000, 0x0000000795580000)
  object space 87552K, 3% used [0x0000000740000000,0x00000007402cb9c0,0x0000000745580000)
 Metaspace       used 20763K, capacity 21161K, committed 21296K, reserved 1069056K
  class space    used 2172K, capacity 2325K, committed 2352K, reserved 1048576K
}
Event: 6.934 GC heap before
{Heap before GC invocations=3 (full 1):
 PSYoungGen      total 38400K, used 5105K [0x0000000795580000, 0x0000000798000000, 0x00000007c0000000)
  eden space 33280K, 0% used [0x0000000795580000,0x0000000795580000,0x0000000797600000)
  from space 5120K, 99% used [0x0000000797b00000,0x0000000797ffc4d0,0x0000000798000000)
  to   space 5120K, 0% used [0x0000000797600000,0x0000000797600000,0x0000000797b00000)
 ParOldGen       total 87552K, used 2862K [0x0000000740000000, 0x0000000745580000, 0x0000000795580000)
  object space 87552K, 3% used [0x0000000740000000,0x00000007402cb9c0,0x0000000745580000)
 Metaspace       used 20763K, capacity 21161K, committed 21296K, reserved 1069056K
  class space    used 2172K, capacity 2325K, committed 2352K, reserved 1048576K
Event: 6.977 GC heap after
Heap after GC invocations=3 (full 1):
 PSYoungGen      total 38400K, used 0K [0x0000000795580000, 0x0000000798000000, 0x00000007c0000000)
  eden space 33280K, 0% used [0x0000000795580000,0x0000000795580000,0x0000000797600000)
  from space 5120K, 0% used [0x0000000797b00000,0x0000000797b00000,0x0000000798000000)
  to   space 5120K, 0% used [0x0000000797600000,0x0000000797600000,0x0000000797b00000)
 ParOldGen       total 59392K, used 7741K [0x0000000740000000, 0x0000000743a00000, 0x0000000795580000)
  object space 59392K, 13% used [0x0000000740000000,0x000000074078f498,0x0000000743a00000)
 Metaspace       used 20763K, capacity 21161K, committed 21296K, reserved 1069056K
  class space    used 2172K, capacity 2325K, committed 2352K, reserved 1048576K
}
Event: 10.570 GC heap before
{Heap before GC invocations=4 (full 1):
 PSYoungGen      total 38400K, used 33280K [0x0000000795580000, 0x0000000798000000, 0x00000007c0000000)
  eden space 33280K, 100% used [0x0000000795580000,0x0000000797600000,0x0000000797600000)
  from space 5120K, 0% used [0x0000000797b00000,0x0000000797b00000,0x0000000798000000)
  to   space 5120K, 0% used [0x0000000797600000,0x0000000797600000,0x0000000797b00000)
 ParOldGen       total 59392K, used 7741K [0x0000000740000000, 0x0000000743a00000, 0x0000000795580000)
  object space 59392K, 13% used [0x0000000740000000,0x000000074078f498,0x0000000743a00000)
 Metaspace       used 23893K, capacity 24321K, committed 24624K, reserved 1071104K
  class space    used 2463K, capacity 2585K, committed 2608K, reserved 1048576K
Event: 10.576 GC heap after
Heap after GC invocations=4 (full 1):
 PSYoungGen      total 38400K, used 5100K [0x0000000795580000, 0x0000000799000000, 0x00000007c0000000)
  eden space 33280K, 0% used [0x0000000795580000,0x0000000795580000,0x0000000797600000)
  from space 5120K, 99% used [0x0000000797600000,0x0000000797afb188,0x0000000797b00000)
  to   space 5120K, 0% used [0x0000000798b00000,0x0000000798b00000,0x0000000799000000)
 ParOldGen       total 59392K, used 9877K [0x0000000740000000, 0x0000000743a00000, 0x0000000795580000)
  object space 59392K, 16% used [0x0000000740000000,0x00000007409a55f8,0x0000000743a00000)
 Metaspace       used 23893K, capacity 24321K, committed 24624K, reserved 1071104K
  class space    used 2463K, capacity 2585K, committed 2608K, reserved 1048576K
}
Event: 13.067 GC heap before
{Heap before GC invocations=5 (full 1):
 PSYoungGen      total 38400K, used 38380K [0x0000000795580000, 0x0000000799000000, 0x00000007c0000000)
  eden space 33280K, 100% used [0x0000000795580000,0x0000000797600000,0x0000000797600000)
  from space 5120K, 99% used [0x0000000797600000,0x0000000797afb188,0x0000000797b00000)
  to   space 5120K, 0% used [0x0000000798b00000,0x0000000798b00000,0x0000000799000000)
 ParOldGen       total 59392K, used 9877K [0x0000000740000000, 0x0000000743a00000, 0x0000000795580000)
  object space 59392K, 16% used [0x0000000740000000,0x00000007409a55f8,0x0000000743a00000)
 Metaspace       used 24134K, capacity 24599K, committed 24880K, reserved 1071104K
  class space    used 2465K, capacity 2588K, committed 2608K, reserved 1048576K
Event: 13.075 GC heap after
Heap after GC invocations=5 (full 1):
 PSYoungGen      total 53760K, used 5114K [0x0000000795580000, 0x0000000799000000, 0x00000007c0000000)
  eden space 48640K, 0% used [0x0000000795580000,0x0000000795580000,0x0000000798500000)
  from space 5120K, 99% used [0x0000000798b00000,0x0000000798ffebd0,0x0000000799000000)
  to   space 5120K, 0% used [0x0000000798600000,0x0000000798600000,0x0000000798b00000)
 ParOldGen       total 59392K, used 12708K [0x0000000740000000, 0x0000000743a00000, 0x0000000795580000)
  object space 59392K, 21% used [0x0000000740000000,0x0000000740c690e8,0x0000000743a00000)
 Metaspace       used 24134K, capacity 24599K, committed 24880K, reserved 1071104K
  class space    used 2465K, capacity 2588K, committed 2608K, reserved 1048576K
}
Event: 16.391 GC heap before
{Heap before GC invocations=6 (full 1):
 PSYoungGen      total 53760K, used 53754K [0x0000000795580000, 0x0000000799000000, 0x00000007c0000000)
  eden space 48640K, 100% used [0x0000000795580000,0x0000000798500000,0x0000000798500000)
  from space 5120K, 99% used [0x0000000798b00000,0x0000000798ffebd0,0x0000000799000000)
  to   space 5120K, 0% used [0x0000000798600000,0x0000000798600000,0x0000000798b00000)
 ParOldGen       total 59392K, used 12708K [0x0000000740000000, 0x0000000743a00000, 0x0000000795580000)
  object space 59392K, 21% used [0x0000000740000000,0x0000000740c690e8,0x0000000743a00000)
 Metaspace       used 24337K, capacity 24759K, committed 25136K, reserved 1071104K
  class space    used 2468K, capacity 2594K, committed 2608K, reserved 1048576K
Event: 16.400 GC heap after
Heap after GC invocations=6 (full 1):
 PSYoungGen      total 54784K, used 5104K [0x0000000795580000, 0x000000079af00000, 0x00000007c0000000)
  eden space 49664K, 0% used [0x0000000795580000,0x0000000795580000,0x0000000798600000)
  from space 5120K, 99% used [0x0000000798600000,0x0000000798afc220,0x0000000798b00000)
  to   space 11264K, 0% used [0x000000079a400000,0x000000079a400000,0x000000079af00000)
 ParOldGen       total 59392K, used 17721K [0x0000000740000000, 0x0000000743a00000, 0x0000000795580000)
  object space 59392K, 29% used [0x0000000740000000,0x000000074114e518,0x0000000743a00000)
 Metaspace       used 24337K, capacity 24759K, committed 25136K, reserved 1071104K
  class space    used 2468K, capacity 2594K, committed 2608K, reserved 1048576K
}

