# JRE version: Java(TM) SE Runtime Environment (8.0_241-b07) (build 1.8.0_241-b07)
# Java VM: Java HotSpot(TM) 64-Bit Server VM (25.241-b07 mixed mode bsd-amd64 compressed oops)
Heap:
 PSYoungGen      total 85504K, used 16157K [0x0000000795580000, 0x000000079bf00000, 0x00000007c0000000)
  eden space 80384K, 13% used [0x0000000795580000,0x0000000796077e78,0x000000079a400000)
  from space 5120K, 96% used [0x000000079ba00000,0x000000079becf650,0x000000079bf00000)
  to   space 11264K, 0% used [0x000000079a900000,0x000000079a900000,0x000000079b400000)
 ParOldGen       total 64000K, used 17678K [0x0000000740000000, 0x0000000743e80000, 0x0000000795580000)
  object space 64000K, 27% used [0x0000000740000000,0x0000000741143838,0x0000000743e80000)
 Metaspace       used 25421K, capacity 25821K, committed 26240K, reserved 1073152K
  class space    used 2539K, capacity 2667K, committed 2688K, reserved 1048576K
GC Heap History (10 events):
Event: 28.611 GC heap before
{Heap before GC invocations=9 (full 1):
 PSYoungGen      total 73216K, used 64749K [0x0000000795580000, 0x000000079b880000, 0x00000007c0000000)
  eden space 59904K, 100% used [0x0000000795580000,0x0000000799000000,0x0000000799000000)
  from space 13312K, 36% used [0x0000000799000000,0x00000007994bb640,0x0000000799d00000)
  to   space 12800K, 0% used [0x000000079ac00000,0x000000079ac00000,0x000000079b880000)
 ParOldGen       total 64000K, used 17670K [0x0000000740000000, 0x0000000743e80000, 0x0000000795580000)
  object space 64000K, 27% used [0x0000000740000000,0x0000000741141838,0x0000000743e80000)
 Metaspace       used 25327K, capacity 25783K, committed 26240K, reserved 1073152K
  class space    used 2525K, capacity 2632K, committed 2688K, reserved 1048576K
Event: 28.619 GC heap after
Heap after GC invocations=9 (full 1):
 PSYoungGen      total 83456K, used 4862K [0x0000000795580000, 0x000000079b580000, 0x00000007c0000000)
  eden space 73728K, 0% used [0x0000000795580000,0x0000000795580000,0x0000000799d80000)
  from space 9728K, 49% used [0x000000079ac00000,0x000000079b0bf870,0x000000079b580000)
  to   space 12288K, 0% used [0x0000000799d80000,0x0000000799d80000,0x000000079a980000)
 ParOldGen       total 64000K, used 17670K [0x0000000740000000, 0x0000000743e80000, 0x0000000795580000)
  object space 64000K, 27% used [0x0000000740000000,0x0000000741141838,0x0000000743e80000)
 Metaspace       used 25327K, capacity 25783K, committed 26240K, reserved 1073152K
  class space    used 2525K, capacity 2632K, committed 2688K, reserved 1048576K
}
Event: 35.529 GC heap before
{Heap before GC invocations=10 (full 1):
 PSYoungGen      total 83456K, used 78590K [0x0000000795580000, 0x000000079b580000, 0x00000007c0000000)
  eden space 73728K, 100% used [0x0000000795580000,0x0000000799d80000,0x0000000799d80000)
  from space 9728K, 49% used [0x000000079ac00000,0x000000079b0bf870,0x000000079b580000)
  to   space 12288K, 0% used [0x0000000799d80000,0x0000000799d80000,0x000000079a980000)
 ParOldGen       total 64000K, used 17670K [0x0000000740000000, 0x0000000743e80000, 0x0000000795580000)
  object space 64000K, 27% used [0x0000000740000000,0x0000000741141838,0x0000000743e80000)
 Metaspace       used 25327K, capacity 25783K, committed 26240K, reserved 1073152K
  class space    used 2525K, capacity 2632K, committed 2688K, reserved 1048576K
Event: 35.534 GC heap after
Heap after GC invocations=10 (full 1):
 PSYoungGen      total 86016K, used 4862K [0x0000000795580000, 0x000000079be00000, 0x00000007c0000000)
  eden space 73728K, 0% used [0x0000000795580000,0x0000000795580000,0x0000000799d80000)
  from space 12288K, 39% used [0x0000000799d80000,0x000000079a23f870,0x000000079a980000)
  to   space 12288K, 0% used [0x000000079b200000,0x000000079b200000,0x000000079be00000)
 ParOldGen       total 64000K, used 17670K [0x0000000740000000, 0x0000000743e80000, 0x0000000795580000)
  object space 64000K, 27% used [0x0000000740000000,0x0000000741141838,0x0000000743e80000)
 Metaspace       used 25327K, capacity 25783K, committed 26240K, reserved 1073152K
  class space    used 2525K, capacity 2632K, committed 2688K, reserved 1048576K
}
Event: 42.609 GC heap before
{Heap before GC invocations=11 (full 1):
 PSYoungGen      total 86016K, used 78590K [0x0000000795580000, 0x000000079be00000, 0x00000007c0000000)
  eden space 73728K, 100% used [0x0000000795580000,0x0000000799d80000,0x0000000799d80000)
  from space 12288K, 39% used [0x0000000799d80000,0x000000079a23f870,0x000000079a980000)
  to   space 12288K, 0% used [0x000000079b200000,0x000000079b200000,0x000000079be00000)
 ParOldGen       total 64000K, used 17670K [0x0000000740000000, 0x0000000743e80000, 0x0000000795580000)
  object space 64000K, 27% used [0x0000000740000000,0x0000000741141838,0x0000000743e80000)
 Metaspace       used 25327K, capacity 25783K, committed 26240K, reserved 1073152K
  class space    used 2525K, capacity 2632K, committed 2688K, reserved 1048576K
Event: 42.626 GC heap after
Heap after GC invocations=11 (full 1):
 PSYoungGen      total 93696K, used 4845K [0x0000000795580000, 0x000000079bd00000, 0x00000007c0000000)
  eden space 82432K, 0% used [0x0000000795580000,0x0000000795580000,0x000000079a600000)
  from space 11264K, 43% used [0x000000079b200000,0x000000079b6bb640,0x000000079bd00000)
  to   space 11776K, 0% used [0x000000079a600000,0x000000079a600000,0x000000079b180000)
 ParOldGen       total 64000K, used 17670K [0x0000000740000000, 0x0000000743e80000, 0x0000000795580000)
  object space 64000K, 27% used [0x0000000740000000,0x0000000741141838,0x0000000743e80000)
 Metaspace       used 25327K, capacity 25783K, committed 26240K, reserved 1073152K
  class space    used 2525K, capacity 2632K, committed 2688K, reserved 1048576K
}
Event: 50.737 GC heap before
{Heap before GC invocations=12 (full 1):
 PSYoungGen      total 93696K, used 87277K [0x0000000795580000, 0x000000079bd00000, 0x00000007c0000000)
  eden space 82432K, 100% used [0x0000000795580000,0x000000079a600000,0x000000079a600000)
  from space 11264K, 43% used [0x000000079b200000,0x000000079b6bb640,0x000000079bd00000)
  to   space 11776K, 0% used [0x000000079a600000,0x000000079a600000,0x000000079b180000)
 ParOldGen       total 64000K, used 17670K [0x0000000740000000, 0x0000000743e80000, 0x0000000795580000)
  object space 64000K, 27% used [0x0000000740000000,0x0000000741141838,0x0000000743e80000)
 Metaspace       used 25347K, capacity 25783K, committed 26240K, reserved 1073152K
  class space    used 2525K, capacity 2632K, committed 2688K, reserved 1048576K
Event: 50.752 GC heap after
Heap after GC invocations=12 (full 1):
 PSYoungGen      total 94208K, used 4894K [0x0000000795580000, 0x000000079c500000, 0x00000007c0000000)
  eden space 82432K, 0% used [0x0000000795580000,0x0000000795580000,0x000000079a600000)
  from space 11776K, 41% used [0x000000079a600000,0x000000079aac7870,0x000000079b180000)
  to   space 11264K, 0% used [0x000000079ba00000,0x000000079ba00000,0x000000079c500000)
 ParOldGen       total 64000K, used 17670K [0x0000000740000000, 0x0000000743e80000, 0x0000000795580000)
  object space 64000K, 27% used [0x0000000740000000,0x0000000741141838,0x0000000743e80000)
 Metaspace       used 25347K, capacity 25783K, committed 26240K, reserved 1073152K
  class space    used 2525K, capacity 2632K, committed 2688K, reserved 1048576K
}
Event: 58.568 GC heap before
{Heap before GC invocations=13 (full 1):
 PSYoungGen      total 94208K, used 87326K [0x0000000795580000, 0x000000079c500000, 0x00000007c0000000)
  eden space 82432K, 100% used [0x0000000795580000,0x000000079a600000,0x000000079a600000)
  from space 11776K, 41% used [0x000000079a600000,0x000000079aac7870,0x000000079b180000)
  to   space 11264K, 0% used [0x000000079ba00000,0x000000079ba00000,0x000000079c500000)
 ParOldGen       total 64000K, used 17670K [0x0000000740000000, 0x0000000743e80000, 0x0000000795580000)
  object space 64000K, 27% used [0x0000000740000000,0x0000000741141838,0x0000000743e80000)
 Metaspace       used 25349K, capacity 25785K, committed 26240K, reserved 1073152K
  class space    used 2526K, capacity 2633K, committed 2688K, reserved 1048576K
Event: 58.574 GC heap after
Heap after GC invocations=13 (full 1):
 PSYoungGen      total 85504K, used 4925K [0x0000000795580000, 0x000000079bf00000, 0x00000007c0000000)
  eden space 80384K, 0% used [0x0000000795580000,0x0000000795580000,0x000000079a400000)
  from space 5120K, 96% used [0x000000079ba00000,0x000000079becf650,0x000000079bf00000)
  to   space 11264K, 0% used [0x000000079a900000,0x000000079a900000,0x000000079b400000)
 ParOldGen       total 64000K, used 17678K [0x0000000740000000, 0x0000000743e80000, 0x0000000795580000)
  object space 64000K, 27% used [0x0000000740000000,0x0000000741143838,0x0000000743e80000)
 Metaspace       used 25349K, capacity 25785K, committed 26240K, reserved 1073152K
  class space    used 2526K, capacity 2633K, committed 2688K, reserved 1048576K
}

