# JRE version: Java(TM) SE Runtime Environment (8.0_241-b07) (build 1.8.0_241-b07)
# Java VM: Java HotSpot(TM) 64-Bit Server VM (25.241-b07 mixed mode bsd-amd64 compressed oops)
Heap:
 PSYoungGen      total 46592K, used 7985K [0x0000000795580000, 0x0000000798f80000, 0x00000007c0000000)
  eden space 40960K, 6% used [0x0000000795580000,0x000000079582d290,0x0000000797d80000)
  from space 5632K, 93% used [0x0000000797e00000,0x000000079831f3b8,0x0000000798380000)
  to   space 9216K, 0% used [0x0000000798680000,0x0000000798680000,0x0000000798f80000)
 ParOldGen       total 57344K, used 17851K [0x0000000740000000, 0x0000000743800000, 0x0000000795580000)
  object space 57344K, 31% used [0x0000000740000000,0x000000074116ef20,0x0000000743800000)
 Metaspace       used 25633K, capacity 26021K, committed 26496K, reserved 1073152K
  class space    used 2540K, capacity 2667K, committed 2688K, reserved 1048576K
GC Heap History (10 events):
Event: 54.721 GC heap before
{Heap before GC invocations=14 (full 1):
 PSYoungGen      total 55296K, used 50651K [0x0000000795580000, 0x0000000799800000, 0x00000007c0000000)
  eden space 45568K, 100% used [0x0000000795580000,0x0000000798200000,0x0000000798200000)
  from space 9728K, 52% used [0x0000000798e80000,0x0000000799376cf0,0x0000000799800000)
  to   space 11264K, 0% used [0x0000000798200000,0x0000000798200000,0x0000000798d00000)
 ParOldGen       total 57344K, used 17851K [0x0000000740000000, 0x0000000743800000, 0x0000000795580000)
  object space 57344K, 31% used [0x0000000740000000,0x000000074116ef20,0x0000000743800000)
 Metaspace       used 25555K, capacity 25919K, committed 26240K, reserved 1073152K
  class space    used 2525K, capacity 2632K, committed 2688K, reserved 1048576K
Event: 54.725 GC heap after
Heap after GC invocations=14 (full 1):
 PSYoungGen      total 50176K, used 5164K [0x0000000795580000, 0x0000000799600000, 0x00000007c0000000)
  eden space 44544K, 0% used [0x0000000795580000,0x0000000795580000,0x0000000798100000)
  from space 5632K, 91% used [0x0000000798200000,0x000000079870b1a8,0x0000000798780000)
  to   space 10752K, 0% used [0x0000000798b80000,0x0000000798b80000,0x0000000799600000)
 ParOldGen       total 57344K, used 17851K [0x0000000740000000, 0x0000000743800000, 0x0000000795580000)
  object space 57344K, 31% used [0x0000000740000000,0x000000074116ef20,0x0000000743800000)
 Metaspace       used 25555K, capacity 25919K, committed 26240K, reserved 1073152K
  class space    used 2525K, capacity 2632K, committed 2688K, reserved 1048576K
}
Event: 58.460 GC heap before
{Heap before GC invocations=15 (full 1):
 PSYoungGen      total 50176K, used 49708K [0x0000000795580000, 0x0000000799600000, 0x00000007c0000000)
  eden space 44544K, 100% used [0x0000000795580000,0x0000000798100000,0x0000000798100000)
  from space 5632K, 91% used [0x0000000798200000,0x000000079870b1a8,0x0000000798780000)
  to   space 10752K, 0% used [0x0000000798b80000,0x0000000798b80000,0x0000000799600000)
 ParOldGen       total 57344K, used 17851K [0x0000000740000000, 0x0000000743800000, 0x0000000795580000)
  object space 57344K, 31% used [0x0000000740000000,0x000000074116ef20,0x0000000743800000)
 Metaspace       used 25555K, capacity 25919K, committed 26240K, reserved 1073152K
  class space    used 2525K, capacity 2632K, committed 2688K, reserved 1048576K
Event: 58.463 GC heap after
Heap after GC invocations=15 (full 1):
 PSYoungGen      total 52224K, used 5194K [0x0000000795580000, 0x0000000799400000, 0x00000007c0000000)
  eden space 43520K, 0% used [0x0000000795580000,0x0000000795580000,0x0000000798000000)
  from space 8704K, 59% used [0x0000000798b80000,0x0000000799092ac0,0x0000000799400000)
  to   space 10240K, 0% used [0x0000000798000000,0x0000000798000000,0x0000000798a00000)
 ParOldGen       total 57344K, used 17851K [0x0000000740000000, 0x0000000743800000, 0x0000000795580000)
  object space 57344K, 31% used [0x0000000740000000,0x000000074116ef20,0x0000000743800000)
 Metaspace       used 25555K, capacity 25919K, committed 26240K, reserved 1073152K
  class space    used 2525K, capacity 2632K, committed 2688K, reserved 1048576K
}
Event: 62.652 GC heap before
{Heap before GC invocations=16 (full 1):
 PSYoungGen      total 52224K, used 48714K [0x0000000795580000, 0x0000000799400000, 0x00000007c0000000)
  eden space 43520K, 100% used [0x0000000795580000,0x0000000798000000,0x0000000798000000)
  from space 8704K, 59% used [0x0000000798b80000,0x0000000799092ac0,0x0000000799400000)
  to   space 10240K, 0% used [0x0000000798000000,0x0000000798000000,0x0000000798a00000)
 ParOldGen       total 57344K, used 17851K [0x0000000740000000, 0x0000000743800000, 0x0000000795580000)
  object space 57344K, 31% used [0x0000000740000000,0x000000074116ef20,0x0000000743800000)
 Metaspace       used 25565K, capacity 25983K, committed 26240K, reserved 1073152K
  class space    used 2527K, capacity 2632K, committed 2688K, reserved 1048576K
Event: 62.660 GC heap after
Heap after GC invocations=16 (full 1):
 PSYoungGen      total 48128K, used 5179K [0x0000000795580000, 0x0000000799300000, 0x00000007c0000000)
  eden space 42496K, 0% used [0x0000000795580000,0x0000000795580000,0x0000000797f00000)
  from space 5632K, 91% used [0x0000000798000000,0x000000079850ecf0,0x0000000798580000)
  to   space 10240K, 0% used [0x0000000798900000,0x0000000798900000,0x0000000799300000)
 ParOldGen       total 57344K, used 17851K [0x0000000740000000, 0x0000000743800000, 0x0000000795580000)
  object space 57344K, 31% used [0x0000000740000000,0x000000074116ef20,0x0000000743800000)
 Metaspace       used 25565K, capacity 25983K, committed 26240K, reserved 1073152K
  class space    used 2527K, capacity 2632K, committed 2688K, reserved 1048576K
}
Event: 69.369 GC heap before
{Heap before GC invocations=17 (full 1):
 PSYoungGen      total 48128K, used 47675K [0x0000000795580000, 0x0000000799300000, 0x00000007c0000000)
  eden space 42496K, 100% used [0x0000000795580000,0x0000000797f00000,0x0000000797f00000)
  from space 5632K, 91% used [0x0000000798000000,0x000000079850ecf0,0x0000000798580000)
  to   space 10240K, 0% used [0x0000000798900000,0x0000000798900000,0x0000000799300000)
 ParOldGen       total 57344K, used 17851K [0x0000000740000000, 0x0000000743800000, 0x0000000795580000)
  object space 57344K, 31% used [0x0000000740000000,0x000000074116ef20,0x0000000743800000)
 Metaspace       used 25565K, capacity 25983K, committed 26240K, reserved 1073152K
  class space    used 2527K, capacity 2632K, committed 2688K, reserved 1048576K
Event: 69.374 GC heap after
Heap after GC invocations=17 (full 1):
 PSYoungGen      total 49664K, used 5292K [0x0000000795580000, 0x0000000799100000, 0x00000007c0000000)
  eden space 41472K, 0% used [0x0000000795580000,0x0000000795580000,0x0000000797e00000)
  from space 8192K, 64% used [0x0000000798900000,0x0000000798e2b3c8,0x0000000799100000)
  to   space 9728K, 0% used [0x0000000797e00000,0x0000000797e00000,0x0000000798780000)
 ParOldGen       total 57344K, used 17851K [0x0000000740000000, 0x0000000743800000, 0x0000000795580000)
  object space 57344K, 31% used [0x0000000740000000,0x000000074116ef20,0x0000000743800000)
 Metaspace       used 25565K, capacity 25983K, committed 26240K, reserved 1073152K
  class space    used 2527K, capacity 2632K, committed 2688K, reserved 1048576K
}
Event: 74.502 GC heap before
{Heap before GC invocations=18 (full 1):
 PSYoungGen      total 49664K, used 46764K [0x0000000795580000, 0x0000000799100000, 0x00000007c0000000)
  eden space 41472K, 100% used [0x0000000795580000,0x0000000797e00000,0x0000000797e00000)
  from space 8192K, 64% used [0x0000000798900000,0x0000000798e2b3c8,0x0000000799100000)
  to   space 9728K, 0% used [0x0000000797e00000,0x0000000797e00000,0x0000000798780000)
 ParOldGen       total 57344K, used 17851K [0x0000000740000000, 0x0000000743800000, 0x0000000795580000)
  object space 57344K, 31% used [0x0000000740000000,0x000000074116ef20,0x0000000743800000)
 Metaspace       used 25565K, capacity 25983K, committed 26240K, reserved 1073152K
  class space    used 2527K, capacity 2632K, committed 2688K, reserved 1048576K
Event: 74.505 GC heap after
Heap after GC invocations=18 (full 1):
 PSYoungGen      total 46592K, used 5244K [0x0000000795580000, 0x0000000798f80000, 0x00000007c0000000)
  eden space 40960K, 0% used [0x0000000795580000,0x0000000795580000,0x0000000797d80000)
  from space 5632K, 93% used [0x0000000797e00000,0x000000079831f3b8,0x0000000798380000)
  to   space 9216K, 0% used [0x0000000798680000,0x0000000798680000,0x0000000798f80000)
 ParOldGen       total 57344K, used 17851K [0x0000000740000000, 0x0000000743800000, 0x0000000795580000)
  object space 57344K, 31% used [0x0000000740000000,0x000000074116ef20,0x0000000743800000)
 Metaspace       used 25565K, capacity 25983K, committed 26240K, reserved 1073152K
  class space    used 2527K, capacity 2632K, committed 2688K, reserved 1048576K
}

